<?xml version="1.0" encoding="UTF-8"?>
<!-- Generated by org.testng.reporters.JUnitXMLReporter -->
<testsuite ignored="0" hostname="DESKTOP-3I2N5J5" failures="0" tests="2" name="Default test" time="11.36" errors="0" timestamp="16 Aug 2020 20:40:47 GMT">
  <testcase classname="BenJerry.Phone2Action.FormFieldValidate" name="validateAllEmailFieldsTest" time="3.5"/>
  <testcase classname="BenJerry.Phone2Action.FormFieldValidate" name="validateCallFieldsTest" time="3.529"/>
</testsuite> <!-- Default test -->
