<?xml version="1.0" encoding="UTF-8"?>
<!-- Generated by org.testng.reporters.JUnitXMLReporter -->
<testsuite ignored="0" hostname="DESKTOP-3I2N5J5" failures="0" tests="7" name="Default test" time="25.413" errors="0" timestamp="15 Aug 2020 20:32:05 GMT">
  <testcase classname="BenJerry.Phone2Action.EmailForm" name="titleOnlyTest" time="3.215"/>
  <testcase classname="BenJerry.Phone2Action.EmailForm" name="nameOnlyTest" time="0.342"/>
  <testcase classname="BenJerry.Phone2Action.EmailForm" name="addressOnlyTest" time="1.331"/>
  <testcase classname="BenJerry.Phone2Action.EmailForm" name="zipOnlyTest" time="0.188"/>
  <testcase classname="BenJerry.Phone2Action.EmailForm" name="phoneOnlyTest" time="0.268"/>
  <testcase classname="BenJerry.Phone2Action.EmailForm" name="emailOnlyTest" time="0.239"/>
  <testcase classname="BenJerry.Phone2Action.EmailForm" name="fullFormCompleteTest" time="15.494"/>
</testsuite> <!-- Default test -->
