<?xml version="1.0" encoding="UTF-8"?>
<testng-results ignored="0" total="3" passed="3" failed="0" skipped="0">
  <reporter-output>
  </reporter-output>
  <suite started-at="2020-08-15T21:25:06Z" name="Default suite" finished-at="2020-08-15T21:25:47Z" duration-ms="40423">
    <groups>
    </groups>
    <test started-at="2020-08-15T21:25:06Z" name="Default test" finished-at="2020-08-15T21:25:47Z" duration-ms="40423">
      <class name="BenJerry.Phone2Action.Twitter">
        <test-method is-config="true" signature="initializeDrivers()[pri:0, instance:BenJerry.Phone2Action.Twitter@1e178745]" started-at="2020-08-15T17:24:59Z" name="initializeDrivers" finished-at="2020-08-15T17:25:06Z" duration-ms="7757" status="PASS">
          <reporter-output>
          </reporter-output>
        </test-method> <!-- initializeDrivers -->
        <test-method signature="twitterButtonTest()[pri:0, instance:BenJerry.Phone2Action.Twitter@1e178745]" started-at="2020-08-15T17:25:06Z" name="twitterButtonTest" finished-at="2020-08-15T17:25:32Z" duration-ms="26018" status="PASS">
          <reporter-output>
          </reporter-output>
        </test-method> <!-- twitterButtonTest -->
        <test-method signature="twitterLinkTest()[pri:0, instance:BenJerry.Phone2Action.Twitter@1e178745]" started-at="2020-08-15T17:25:32Z" name="twitterLinkTest" finished-at="2020-08-15T17:25:35Z" duration-ms="2443" status="PASS">
          <reporter-output>
          </reporter-output>
        </test-method> <!-- twitterLinkTest -->
        <test-method signature="twitterPhoneButtonTest()[pri:0, instance:BenJerry.Phone2Action.Twitter@1e178745]" started-at="2020-08-15T17:25:35Z" name="twitterPhoneButtonTest" finished-at="2020-08-15T17:25:43Z" duration-ms="7631" status="PASS">
          <reporter-output>
          </reporter-output>
        </test-method> <!-- twitterPhoneButtonTest -->
        <test-method is-config="true" signature="closeWindow()[pri:0, instance:BenJerry.Phone2Action.Twitter@1e178745]" started-at="2020-08-15T17:25:43Z" name="closeWindow" finished-at="2020-08-15T17:25:47Z" duration-ms="4319" status="PASS">
          <reporter-output>
          </reporter-output>
        </test-method> <!-- closeWindow -->
      </class> <!-- BenJerry.Phone2Action.Twitter -->
    </test> <!-- Default test -->
  </suite> <!-- Default suite -->
</testng-results>
