<?xml version="1.0" encoding="UTF-8"?>
<testng-results ignored="0" total="2" passed="2" failed="0" skipped="0">
  <reporter-output>
  </reporter-output>
  <suite started-at="2020-08-16T20:40:35Z" name="Default suite" finished-at="2020-08-16T20:40:47Z" duration-ms="11360">
    <groups>
    </groups>
    <test started-at="2020-08-16T20:40:35Z" name="Default test" finished-at="2020-08-16T20:40:47Z" duration-ms="11360">
      <class name="BenJerry.Phone2Action.FormFieldValidate">
        <test-method is-config="true" signature="initializeDrivers()[pri:0, instance:BenJerry.Phone2Action.FormFieldValidate@385e9564]" started-at="2020-08-16T16:40:32Z" name="initializeDrivers" finished-at="2020-08-16T16:40:35Z" duration-ms="3678" status="PASS">
          <reporter-output>
          </reporter-output>
        </test-method> <!-- initializeDrivers -->
        <test-method signature="validateAllEmailFieldsTest()[pri:0, instance:BenJerry.Phone2Action.FormFieldValidate@385e9564]" started-at="2020-08-16T16:40:35Z" name="validateAllEmailFieldsTest" finished-at="2020-08-16T16:40:39Z" duration-ms="3500" status="PASS">
          <reporter-output>
          </reporter-output>
        </test-method> <!-- validateAllEmailFieldsTest -->
        <test-method signature="validateCallFieldsTest()[pri:0, instance:BenJerry.Phone2Action.FormFieldValidate@385e9564]" started-at="2020-08-16T16:40:39Z" name="validateCallFieldsTest" finished-at="2020-08-16T16:40:42Z" duration-ms="3529" status="PASS">
          <reporter-output>
          </reporter-output>
        </test-method> <!-- validateCallFieldsTest -->
        <test-method is-config="true" signature="closeWindow()[pri:0, instance:BenJerry.Phone2Action.FormFieldValidate@385e9564]" started-at="2020-08-16T16:40:42Z" name="closeWindow" finished-at="2020-08-16T16:40:47Z" duration-ms="4313" status="PASS">
          <reporter-output>
          </reporter-output>
        </test-method> <!-- closeWindow -->
      </class> <!-- BenJerry.Phone2Action.FormFieldValidate -->
    </test> <!-- Default test -->
  </suite> <!-- Default suite -->
</testng-results>
